<?xml version="1.0" encoding="UTF-8"?>
<testsuite xmlns:xsi="http://www.w3.org/2001/XMLSchema-instance" xsi:noNamespaceSchemaLocation="https://maven.apache.org/surefire/maven-surefire-plugin/xsd/surefire-test-report.xsd" name="com.thatsdarlingmama.AppTest" time="15.438" tests="109" errors="0" skipped="0" failures="0">
  <properties>
[...]
</properties>
  <testcase name="TestAllSignatures{String}[1]" classname="com.thatsdarlingmama.AppTest" time="0.035"/>
  <testcase name="TestAllSignatures{String}[2]" classname="com.thatsdarlingmama.AppTest" time="0.001"/>
  <testcase name="TestAllSignatures{String}[3]" classname="com.thatsdarlingmama.AppTest" time="0.002"/>
  <testcase name="TestAllSignatures{String}[4]" classname="com.thatsdarlingmama.AppTest" time="0.002"/>
  <testcase name="TestAllSignatures{String}[5]" classname="com.thatsdarlingmama.AppTest" time="0.001"/>
  <testcase name="TestAllSignatures{String}[6]" classname="com.thatsdarlingmama.AppTest" time="0.001"/>
  <testcase name="TestAllSignatures{String}[7]" classname="com.thatsdarlingmama.AppTest" time="0.024"/>
  <testcase name="TestAllSignatures{String}[8]" classname="com.thatsdarlingmama.AppTest" time="0.074"/>
  <testcase name="TestAllSignatures{String}[9]" classname="com.thatsdarlingmama.AppTest" time="0.463"/>
  <testcase name="TestAllSignatures{String}[10]" classname="com.thatsdarlingmama.AppTest" time="0.508"/>
  <testcase name="TestAllSignatures{String}[11]" classname="com.thatsdarlingmama.AppTest" time="0.569"/>
  <testcase name="TestAllSignatures{String}[12]" classname="com.thatsdarlingmama.AppTest" time="0.007"/>
  <testcase name="TestAllSignatures{String}[13]" classname="com.thatsdarlingmama.AppTest" time="0.007"/>
  <testcase name="TestAllSignatures{String}[14]" classname="com.thatsdarlingmama.AppTest" time="0.163"/>
  <testcase name="TestAllSignatures{String}[15]" classname="com.thatsdarlingmama.AppTest" time="0.152"/>
  <testcase name="TestAllSignatures{String}[16]" classname="com.thatsdarlingmama.AppTest" time="0.011"/>
  <testcase name="TestAllSignatures{String}[17]" classname="com.thatsdarlingmama.AppTest" time="0.011"/>
  <testcase name="TestAllSignatures{String}[18]" classname="com.thatsdarlingmama.AppTest" time="0.25"/>
  <testcase name="TestAllSignatures{String}[19]" classname="com.thatsdarlingmama.AppTest" time="0.253"/>
  <testcase name="TestAllSignatures{String}[20]" classname="com.thatsdarlingmama.AppTest" time="0.021"/>
  <testcase name="TestAllSignatures{String}[21]" classname="com.thatsdarlingmama.AppTest" time="0.019"/>
  <testcase name="TestAllSignatures{String}[22]" classname="com.thatsdarlingmama.AppTest" time="0.247"/>
  <testcase name="TestAllSignatures{String}[23]" classname="com.thatsdarlingmama.AppTest" time="0.199"/>
  <testcase name="TestAllSignatures{String}[24]" classname="com.thatsdarlingmama.AppTest" time="0.032"/>
  <testcase name="TestAllSignatures{String}[25]" classname="com.thatsdarlingmama.AppTest" time="0.017"/>
  <testcase name="TestAllSignatures{String}[26]" classname="com.thatsdarlingmama.AppTest" time="0.51"/>
  <testcase name="TestAllSignatures{String}[27]" classname="com.thatsdarlingmama.AppTest" time="0.273"/>
  <testcase name="TestAllSignatures{String}[28]" classname="com.thatsdarlingmama.AppTest" time="0.053"/>
  <testcase name="TestAllSignatures{String}[29]" classname="com.thatsdarlingmama.AppTest" time="0.027"/>
  <testcase name="TestAllSignatures{String}[30]" classname="com.thatsdarlingmama.AppTest" time="0.874"/>
  <testcase name="TestAllSignatures{String}[31]" classname="com.thatsdarlingmama.AppTest" time="0.464"/>
  <testcase name="TestAllSignatures{String}[32]" classname="com.thatsdarlingmama.AppTest" time="0.142"/>
  <testcase name="TestAllSignatures{String}[33]" classname="com.thatsdarlingmama.AppTest" time="0.042"/>
  <testcase name="TestAllSignatures{String}[34]" classname="com.thatsdarlingmama.AppTest" time="1.242"/>
  <testcase name="TestAllSignatures{String}[35]" classname="com.thatsdarlingmama.AppTest" time="0.359"/>
  <testcase name="TestAllSignatures{String}[36]" classname="com.thatsdarlingmama.AppTest" time="0.049"/>
  <testcase name="TestAllSignatures{String}[37]" classname="com.thatsdarlingmama.AppTest" time="0.028"/>
  <testcase name="TestAllSignatures{String}[38]" classname="com.thatsdarlingmama.AppTest" time="1.125"/>
  <testcase name="TestAllSignatures{String}[39]" classname="com.thatsdarlingmama.AppTest" time="0.617"/>
  <testcase name="TestAllSignatures{String}[40]" classname="com.thatsdarlingmama.AppTest" time="0.079"/>
  <testcase name="TestAllSignatures{String}[41]" classname="com.thatsdarlingmama.AppTest" time="0.045"/>
  <testcase name="TestAllSignatures{String}[42]" classname="com.thatsdarlingmama.AppTest" time="1.82"/>
  <testcase name="TestAllSignatures{String}[43]" classname="com.thatsdarlingmama.AppTest" time="1.025"/>
  <testcase name="TestAllSignatures{String}[44]" classname="com.thatsdarlingmama.AppTest" time="0.151"/>
  <testcase name="TestAllSignatures{String}[45]" classname="com.thatsdarlingmama.AppTest" time="0.083"/>
  <testcase name="TestAllSignatures{String}[46]" classname="com.thatsdarlingmama.AppTest" time="1.474"/>
  <testcase name="TestAllSignatures{String}[47]" classname="com.thatsdarlingmama.AppTest" time="0.88"/>
  <testcase name="TestAllSignatures{String}[48]" classname="com.thatsdarlingmama.AppTest" time="0.004"/>
  <testcase name="TestAllSignatures{String}[49]" classname="com.thatsdarlingmama.AppTest" time="0.004"/>
  <testcase name="TestAllSignatures{String}[50]" classname="com.thatsdarlingmama.AppTest" time="0.002"/>
  <testcase name="TestAllSignatures{String}[51]" classname="com.thatsdarlingmama.AppTest" time="0.009"/>
  <testcase name="TestAllSignatures{String}[52]" classname="com.thatsdarlingmama.AppTest" time="0.01"/>
  <testcase name="TestAllSignatures{String}[53]" classname="com.thatsdarlingmama.AppTest" time="0.004"/>
  <testcase name="TestAllSignatures{String}[54]" classname="com.thatsdarlingmama.AppTest" time="0.014"/>
  <testcase name="TestAllSignatures{String}[55]" classname="com.thatsdarlingmama.AppTest" time="0.016"/>
  <testcase name="TestAllSignatures{String}[56]" classname="com.thatsdarlingmama.AppTest" time="0.007"/>
  <testcase name="TestAllSignatures{String}[57]" classname="com.thatsdarlingmama.AppTest" time="0.009"/>
  <testcase name="TestAllSignatures{String}[58]" classname="com.thatsdarlingmama.AppTest" time="0.018"/>
  <testcase name="TestAllSignatures{String}[59]" classname="com.thatsdarlingmama.AppTest" time="0.03"/>
  <testcase name="TestAllKeyEncapsulationMechanisms{String}[1]" classname="com.thatsdarlingmama.AppTest" time="0.007"/>
  <testcase name="TestAllKeyEncapsulationMechanisms{String}[2]" classname="com.thatsdarlingmama.AppTest" time="0.006"/>
  <testcase name="TestAllKeyEncapsulationMechanisms{String}[3]" classname="com.thatsdarlingmama.AppTest" time="0.002"/>
  <testcase name="TestAllKeyEncapsulationMechanisms{String}[4]" classname="com.thatsdarlingmama.AppTest" time="0.004"/>
  <testcase name="TestAllKeyEncapsulationMechanisms{String}[5]" classname="com.thatsdarlingmama.AppTest" time="0.005"/>
  <testcase name="TestAllKeyEncapsulationMechanisms{String}[6]" classname="com.thatsdarlingmama.AppTest" time="0.001"/>
  <testcase name="TestAllKeyEncapsulationMechanisms{String}[7]" classname="com.thatsdarlingmama.AppTest" time="0.001"/>
  <testcase name="TestAllKeyEncapsulationMechanisms{String}[8]" classname="com.thatsdarlingmama.AppTest" time="0.001"/>
  <testcase name="TestAllKeyEncapsulationMechanisms{String}[9]" classname="com.thatsdarlingmama.AppTest" time="0.001"/>
  <testcase name="TestAllKeyEncapsulationMechanisms{String}[10]" classname="com.thatsdarlingmama.AppTest" time="0.001"/>
  <testcase name="TestAllKeyEncapsulationMechanisms{String}[11]" classname="com.thatsdarlingmama.AppTest" time="0.001"/>
  <testcase name="TestAllKeyEncapsulationMechanisms{String}[12]" classname="com.thatsdarlingmama.AppTest" time="0"/>
  <testcase name="TestAllKeyEncapsulationMechanisms{String}[13]" classname="com.thatsdarlingmama.AppTest" time="0.001"/>
  <testcase name="TestAllKeyEncapsulationMechanisms{String}[14]" classname="com.thatsdarlingmama.AppTest" time="0.001"/>
  <testcase name="TestAllKeyEncapsulationMechanisms{String}[15]" classname="com.thatsdarlingmama.AppTest" time="0.009"/>
  <testcase name="TestAllKeyEncapsulationMechanisms{String}[16]" classname="com.thatsdarlingmama.AppTest" time="0.001"/>
  <testcase name="TestAllKeyEncapsulationMechanisms{String}[17]" classname="com.thatsdarlingmama.AppTest" time="0.011"/>
  <testcase name="TestAllKeyEncapsulationMechanisms{String}[18]" classname="com.thatsdarlingmama.AppTest" time="0"/>
  <testcase name="TestAllKeyEncapsulationMechanisms{String}[19]" classname="com.thatsdarlingmama.AppTest" time="0"/>
  <testcase name="TestAllKeyEncapsulationMechanisms{String}[20]" classname="com.thatsdarlingmama.AppTest" time="0.001"/>
  <testcase name="TestAllKeyEncapsulationMechanisms{String}[21]" classname="com.thatsdarlingmama.AppTest" time="0.001"/>
  <testcase name="TestAllKeyEncapsulationMechanisms{String}[22]" classname="com.thatsdarlingmama.AppTest" time="0.002"/>
  <testcase name="TestAllKeyEncapsulationMechanisms{String}[23]" classname="com.thatsdarlingmama.AppTest" time="0.002"/>
  <testcase name="TestAllKeyEncapsulationMechanisms{String}[24]" classname="com.thatsdarlingmama.AppTest" time="0.002"/>
  <testcase name="TestAllKeyEncapsulationMechanisms{String}[25]" classname="com.thatsdarlingmama.AppTest" time="0.003"/>
  <testcase name="TestAllKeyEncapsulationMechanisms{String}[26]" classname="com.thatsdarlingmama.AppTest" time="0.001"/>
  <testcase name="TestAllKeyEncapsulationMechanisms{String}[27]" classname="com.thatsdarlingmama.AppTest" time="0.001"/>
  <testcase name="TestAllKeyEncapsulationMechanisms{String}[28]" classname="com.thatsdarlingmama.AppTest" time="0.001"/>
  <testcase name="TestAllKeyEncapsulationMechanisms{String}[29]" classname="com.thatsdarlingmama.AppTest" time="0.004"/>
  <testcase name="TestAllKeyEncapsulationMechanisms{String}[30]" classname="com.thatsdarlingmama.AppTest" time="0.008"/>
  <testcase name="TestAllKeyEncapsulationMechanisms{String}[31]" classname="com.thatsdarlingmama.AppTest" time="0.007"/>
  <testcase name="TestAllKeyEncapsulationMechanisms{String}[32]" classname="com.thatsdarlingmama.AppTest" time="0.016"/>
  <testcase name="TestAllKeyEncapsulationMechanisms{String}[33]" classname="com.thatsdarlingmama.AppTest" time="0.011"/>
  <testcase name="TestAllKeyEncapsulationMechanisms{String}[34]" classname="com.thatsdarlingmama.AppTest" time="0.027"/>
  <testcase name="TestAllKeyEncapsulationMechanisms{String}[35]" classname="com.thatsdarlingmama.AppTest" time="0.014"/>
  <testcase name="TestAllKeyEncapsulationMechanisms{String}[36]" classname="com.thatsdarlingmama.AppTest" time="0.019"/>
  <testcase name="TestAllKeyEncapsulationMechanisms{String}[37]" classname="com.thatsdarlingmama.AppTest" time="0.035"/>
  <testcase name="TestAllKeyEncapsulationMechanisms{String}[38]" classname="com.thatsdarlingmama.AppTest" time="0.052"/>
  <testcase name="TestAllKeyEncapsulationMechanisms{String}[39]" classname="com.thatsdarlingmama.AppTest" time="0.02"/>
  <testcase name="TestAllKeyEncapsulationMechanisms{String}[40]" classname="com.thatsdarlingmama.AppTest" time="0.028"/>
  <testcase name="TestAllKeyEncapsulationMechanisms{String}[41]" classname="com.thatsdarlingmama.AppTest" time="0.052"/>
  <testcase name="TestAllKeyEncapsulationMechanisms{String}[42]" classname="com.thatsdarlingmama.AppTest" time="0.081"/>
  <testcase name="TestAllKeyEncapsulationMechanisms{String}[43]" classname="com.thatsdarlingmama.AppTest" time="0.017"/>
  <testcase name="TestAllKeyEncapsulationMechanisms{String}[44]" classname="com.thatsdarlingmama.AppTest" time="0.022"/>
  <testcase name="TestAllKeyEncapsulationMechanisms{String}[45]" classname="com.thatsdarlingmama.AppTest" time="0.04"/>
  <testcase name="TestAllKeyEncapsulationMechanisms{String}[46]" classname="com.thatsdarlingmama.AppTest" time="0.064"/>
  <testcase name="TestAllKeyEncapsulationMechanisms{String}[47]" classname="com.thatsdarlingmama.AppTest" time="0.024"/>
  <testcase name="TestAllKeyEncapsulationMechanisms{String}[48]" classname="com.thatsdarlingmama.AppTest" time="0.032"/>
  <testcase name="TestAllKeyEncapsulationMechanisms{String}[49]" classname="com.thatsdarlingmama.AppTest" time="0.057"/>
  <testcase name="TestAllKeyEncapsulationMechanisms{String}[50]" classname="com.thatsdarlingmama.AppTest" time="0.092"/>
</testsuite>